Android_App/android/app/build/intermediates/manifest_merge_blame_file/debug/manifest-merger-blame-debug-report.txt
1<?xml version="1.0" encoding="utf-8"?>
2<manifest xmlns:android="http://schemas.android.com/apk/res/android"
3    package="org.tensorflow.lite.examples.detection"
4    android:versionCode="1"
5    android:versionName="1.0" >
6
7    <uses-sdk
8        android:minSdkVersion="21"
8-->src\main\AndroidManifest.xml
9        android:targetSdkVersion="30" />
9-->src\main\AndroidManifest.xml
10
11    <uses-permission android:name="android.permission.CAMERA" />
11-->src\main\AndroidManifest.xml:5:5-65
11-->src\main\AndroidManifest.xml:5:22-62
12    <uses-permission
12-->src\main\AndroidManifest.xml:6:5-7:37
13        android:name="android.permission.WRITE_EXTERNAL_STORAGE"
13-->src\main\AndroidManifest.xml:6:22-78
14        android:maxSdkVersion="28" />
14-->src\main\AndroidManifest.xml:7:9-35
15    <uses-permission android:name="android.permission.ACCESS_MEDIA_LOCATION" />
15-->src\main\AndroidManifest.xml:8:5-79
15-->src\main\AndroidManifest.xml:8:22-77
16    <uses-permission android:name="android.permission.READ_EXTERNAL_STORAGE" />
16-->src\main\AndroidManifest.xml:9:5-80
16-->src\main\AndroidManifest.xml:9:22-77
17    <uses-permission android:name="android.permission.location.gps" />
17-->src\main\AndroidManifest.xml:10:5-71
17-->src\main\AndroidManifest.xml:10:22-68
18
19    <uses-feature android:name="android.hardware.camera.autofocus" />
19-->src\main\AndroidManifest.xml:12:5-70
19-->src\main\AndroidManifest.xml:12:19-67
20
21    <uses-permission android:name="android.hardware.camera2.full" />
21-->src\main\AndroidManifest.xml:14:5-69
21-->src\main\AndroidManifest.xml:14:22-66
22    <uses-permission android:name="android.permission.INTERNET" />
22-->src\main\AndroidManifest.xml:16:5-67
22-->src\main\AndroidManifest.xml:16:22-64
23    <uses-permission android:name="android.permission.ACCESS_NETWORK_STATE" />
23-->src\main\AndroidManifest.xml:17:5-79
23-->src\main\AndroidManifest.xml:17:22-76
24    <uses-permission android:name="android.permission.WAKE_LOCK" />
24-->[com.google.android.gms:play-services-measurement-api:19.0.1] AndroidManifest.xml:24:5-68
24-->[com.google.android.gms:play-services-measurement-api:19.0.1] AndroidManifest.xml:24:22-65
25    <uses-permission android:name="com.google.android.finsky.permission.BIND_GET_INSTALL_REFERRER_SERVICE" />
25-->[com.google.android.gms:play-services-measurement:19.0.1] AndroidManifest.xml:26:5-110
25-->[com.google.android.gms:play-services-measurement:19.0.1] AndroidManifest.xml:26:22-107
26
27    <application
27-->src\main\AndroidManifest.xml:19:5-54:19
28        android:allowBackup="false"
28-->src\main\AndroidManifest.xml:20:9-36
29        android:appComponentFactory="androidx.core.app.CoreComponentFactory"
29-->[androidx.core:core:1.3.0] AndroidManifest.xml:24:18-86
30        android:debuggable="true"
31        android:icon="@mipmap/ic_launcher"
31-->src\main\AndroidManifest.xml:21:9-43
32        android:label="@string/tfe_od_app_name"
32-->src\main\AndroidManifest.xml:22:9-48
33        android:networkSecurityConfig="@xml/network_security_config"
33-->src\main\AndroidManifest.xml:23:9-69
34        android:roundIcon="@mipmap/ic_launcher_round"
34-->src\main\AndroidManifest.xml:24:9-54
35        android:supportsRtl="true"
35-->src\main\AndroidManifest.xml:25:9-35
36        android:theme="@style/AppTheme.ObjectDetection"
36-->src\main\AndroidManifest.xml:26:9-56
37        android:usesCleartextTraffic="true" >
37-->src\main\AndroidManifest.xml:27:9-44
38        <activity android:name="org.tensorflow.lite.examples.detection.ImageChoiceActivity" />
38-->src\main\AndroidManifest.xml:28:9-66
38-->src\main\AndroidManifest.xml:28:19-54
39        <activity
39-->src\main\AndroidManifest.xml:30:9-33:75
40            android:name="org.tensorflow.lite.examples.detection.DCameraActivity"
40-->src\main\AndroidManifest.xml:31:13-44
41            android:label="@string/title_activity_dcamera"
41-->src\main\AndroidManifest.xml:32:13-59
42            android:theme="@style/AppTheme.ObjectDetection.NoActionBar" />
42-->src\main\AndroidManifest.xml:33:13-72
43
44        <meta-data
44-->src\main\AndroidManifest.xml:35:9-37:63
45            android:name="com.google.android.actions"
45-->src\main\AndroidManifest.xml:36:13-54
46            android:resource="@xml/network_security_config" />
46-->src\main\AndroidManifest.xml:37:13-60
47
48        <activity
48-->src\main\AndroidManifest.xml:39:9-42:52
49            android:name="org.tensorflow.lite.examples.detection.CamTestActivity"
49-->src\main\AndroidManifest.xml:40:13-44
50            android:label="Test"
50-->src\main\AndroidManifest.xml:41:13-33
51            android:screenOrientation="portrait" />
51-->src\main\AndroidManifest.xml:42:13-49
52        <activity
52-->src\main\AndroidManifest.xml:43:9-46:52
53            android:name="org.tensorflow.lite.examples.detection.DetectorActivity"
53-->src\main\AndroidManifest.xml:44:13-45
54            android:label="@string/tfe_od_app_name"
54-->src\main\AndroidManifest.xml:45:13-52
55            android:screenOrientation="portrait" />
55-->src\main\AndroidManifest.xml:46:13-49
56        <activity android:name="org.tensorflow.lite.examples.detection.MainActivity" >
56-->src\main\AndroidManifest.xml:47:9-53:20
56-->src\main\AndroidManifest.xml:47:19-47
57            <intent-filter>
57-->src\main\AndroidManifest.xml:48:13-52:29
58                <action android:name="android.intent.action.MAIN" />
58-->src\main\AndroidManifest.xml:49:17-69
58-->src\main\AndroidManifest.xml:49:25-66
59
60                <category android:name="android.intent.category.LAUNCHER" />
60-->src\main\AndroidManifest.xml:51:17-77
60-->src\main\AndroidManifest.xml:51:27-74
61            </intent-filter>
62        </activity>
63
64        <service
64-->[com.google.firebase:firebase-storage:20.0.0] AndroidManifest.xml:30:9-36:19
65            android:name="com.google.firebase.components.ComponentDiscoveryService"
65-->[com.google.firebase:firebase-storage:20.0.0] AndroidManifest.xml:31:13-84
66            android:directBootAware="true"
66-->[com.google.firebase:firebase-common:20.0.0] AndroidManifest.xml:35:13-43
67            android:exported="false" >
67-->[com.google.firebase:firebase-storage:20.0.0] AndroidManifest.xml:32:13-37
68            <meta-data
68-->[com.google.firebase:firebase-storage:20.0.0] AndroidManifest.xml:33:13-35:85
69                android:name="com.google.firebase.components:com.google.firebase.storage.StorageRegistrar"
69-->[com.google.firebase:firebase-storage:20.0.0] AndroidManifest.xml:34:17-107
70                android:value="com.google.firebase.components.ComponentRegistrar" />
70-->[com.google.firebase:firebase-storage:20.0.0] AndroidManifest.xml:35:17-82
71            <meta-data
71-->[com.google.android.gms:play-services-measurement-api:19.0.1] AndroidManifest.xml:30:13-32:85
72                android:name="com.google.firebase.components:com.google.firebase.analytics.connector.internal.AnalyticsConnectorRegistrar"
72-->[com.google.android.gms:play-services-measurement-api:19.0.1] AndroidManifest.xml:31:17-139
73                android:value="com.google.firebase.components.ComponentRegistrar" />
73-->[com.google.android.gms:play-services-measurement-api:19.0.1] AndroidManifest.xml:32:17-82
74            <meta-data
74-->[com.google.firebase:firebase-installations:17.0.0] AndroidManifest.xml:18:13-20:85
75                android:name="com.google.firebase.components:com.google.firebase.installations.FirebaseInstallationsRegistrar"
75-->[com.google.firebase:firebase-installations:17.0.0] AndroidManifest.xml:19:17-127
76                android:value="com.google.firebase.components.ComponentRegistrar" />
76-->[com.google.firebase:firebase-installations:17.0.0] AndroidManifest.xml:20:17-82
77        </service>
78
79        <provider
79-->[com.google.firebase:firebase-common:20.0.0] AndroidManifest.xml:26:9-31:39
80            android:name="com.google.firebase.provider.FirebaseInitProvider"
80-->[com.google.firebase:firebase-common:20.0.0] AndroidManifest.xml:27:13-77
81            android:authorities="org.tensorflow.lite.examples.detection.firebaseinitprovider"
81-->[com.google.firebase:firebase-common:20.0.0] AndroidManifest.xml:28:13-72
82            android:directBootAware="true"
82-->[com.google.firebase:firebase-common:20.0.0] AndroidManifest.xml:29:13-43
83            android:exported="false"
83-->[com.google.firebase:firebase-common:20.0.0] AndroidManifest.xml:30:13-37
84            android:initOrder="100" />
84-->[com.google.firebase:firebase-common:20.0.0] AndroidManifest.xml:31:13-36
85
86        <activity
86-->[com.google.android.gms:play-services-base:17.1.0] AndroidManifest.xml:23:9-26:75
87            android:name="com.google.android.gms.common.api.GoogleApiActivity"
87-->[com.google.android.gms:play-services-base:17.1.0] AndroidManifest.xml:24:13-79
88            android:exported="false"
88-->[com.google.android.gms:play-services-base:17.1.0] AndroidManifest.xml:25:13-37
89            android:theme="@android:style/Theme.Translucent.NoTitleBar" />
89-->[com.google.android.gms:play-services-base:17.1.0] AndroidManifest.xml:26:13-72
90
91        <receiver
91-->[com.google.android.gms:play-services-measurement:19.0.1] AndroidManifest.xml:29:9-33:20
92            android:name="com.google.android.gms.measurement.AppMeasurementReceiver"
92-->[com.google.android.gms:play-services-measurement:19.0.1] AndroidManifest.xml:30:13-85
93            android:enabled="true"
93-->[com.google.android.gms:play-services-measurement:19.0.1] AndroidManifest.xml:31:13-35
94            android:exported="false" >
94-->[com.google.android.gms:play-services-measurement:19.0.1] AndroidManifest.xml:32:13-37
95        </receiver>
96
97        <service
97-->[com.google.android.gms:play-services-measurement:19.0.1] AndroidManifest.xml:35:9-38:40
98            android:name="com.google.android.gms.measurement.AppMeasurementService"
98-->[com.google.android.gms:play-services-measurement:19.0.1] AndroidManifest.xml:36:13-84
99            android:enabled="true"
99-->[com.google.android.gms:play-services-measurement:19.0.1] AndroidManifest.xml:37:13-35
100            android:exported="false" />
100-->[com.google.android.gms:play-services-measurement:19.0.1] AndroidManifest.xml:38:13-37
101        <service
101-->[com.google.android.gms:play-services-measurement:19.0.1] AndroidManifest.xml:39:9-43:72
102            android:name="com.google.android.gms.measurement.AppMeasurementJobService"
102-->[com.google.android.gms:play-services-measurement:19.0.1] AndroidManifest.xml:40:13-87
103            android:enabled="true"
103-->[com.google.android.gms:play-services-measurement:19.0.1] AndroidManifest.xml:41:13-35
104            android:exported="false"
104-->[com.google.android.gms:play-services-measurement:19.0.1] AndroidManifest.xml:42:13-37
105            android:permission="android.permission.BIND_JOB_SERVICE" />
105-->[com.google.android.gms:play-services-measurement:19.0.1] AndroidManifest.xml:43:13-69
106
107        <meta-data
107-->[com.google.android.gms:play-services-basement:17.0.0] AndroidManifest.xml:23:9-25:69
108            android:name="com.google.android.gms.version"
108-->[com.google.android.gms:play-services-basement:17.0.0] AndroidManifest.xml:24:13-58
109            android:value="@integer/google_play_services_version" />
109-->[com.google.android.gms:play-services-basement:17.0.0] AndroidManifest.xml:25:13-66
110    </application>
111
112</manifest>